<?xml version="1.0" encoding="UTF-8"?>
<!-- Generated by org.testng.reporters.JUnitXMLReporter -->
<testsuite ignored="0" hostname="KALESHA1" failures="0" tests="3" name="Default test" time="0.089" errors="0" timestamp="2024-11-07T15:53:18 IST">
  <testcase classname="com.Ecommerce.InstaSnap.ProductTest.VerifyElectronicProduct" name="createProduct" time="0.018"/>
  <testcase classname="com.Ecommerce.InstaSnap.ProductTest.VerifyElectronicProduct" name="updateProduct" time="0.001"/>
  <testcase classname="com.Ecommerce.InstaSnap.ProductTest.VerifyElectronicProduct" name="updateProduct" time="0.002"/>
</testsuite> <!-- Default test -->
